Build started 15.12.2015 г. 1:18:22.
     1>Project "C:\Users\Borko Vasilev\documents\visual studio 2013\Projects\DoctorWhoProgrammingWork\DoctorWhoProgrammingWork\DoctorWhoProgrammingWork.vcxproj" on node 2 (Build target(s)).
     1>ClCompile:
         C:\Program Files (x86)\Microsoft Visual Studio 12.0\VC\bin\CL.exe /c /ZI /nologo /W3 /WX- /sdl /Od /Oy- /D _MBCS /Gm /EHsc /RTC1 /MDd /GS /fp:precise /Zc:wchar_t /Zc:forScope /Fo"Debug\\" /Fd"Debug\vc120.pdb" /Gd /TP /analyze- /errorReport:prompt ..\..\DoctorWhoGame\DoctorWhoGame\cRocket.cpp
         cRocket.cpp
     1>c:\users\borko vasilev\documents\visual studio 2013\projects\doctorwhogame\doctorwhogame\crocket.cpp(24): warning C4244: 'argument' : conversion from 'int' to 'GLfloat', possible loss of data
     1>c:\users\borko vasilev\documents\visual studio 2013\projects\doctorwhogame\doctorwhogame\crocket.cpp(26): warning C4244: 'argument' : conversion from 'int' to 'GLfloat', possible loss of data
     1>c:\users\borko vasilev\documents\visual studio 2013\projects\doctorwhogame\doctorwhogame\crocket.cpp(28): warning C4244: 'argument' : conversion from 'int' to 'GLfloat', possible loss of data
     1>c:\users\borko vasilev\documents\visual studio 2013\projects\doctorwhogame\doctorwhogame\crocket.cpp(30): warning C4244: 'argument' : conversion from 'int' to 'GLfloat', possible loss of data
       Link:
         C:\Program Files (x86)\Microsoft Visual Studio 12.0\VC\bin\link.exe /ERRORREPORT:PROMPT /OUT:"C:\Users\Borko Vasilev\documents\visual studio 2013\Projects\DoctorWhoProgrammingWork\Debug\DoctorWhoProgrammingWork.exe" /INCREMENTAL /NOLOGO kernel32.lib user32.lib gdi32.lib winspool.lib comdlg32.lib advapi32.lib shell32.lib ole32.lib oleaut32.lib uuid.lib odbc32.lib odbccp32.lib /MANIFEST /MANIFESTUAC:"level='asInvoker' uiAccess='false'" /manifest:embed /DEBUG /PDB:"C:\Users\Borko Vasilev\documents\visual studio 2013\Projects\DoctorWhoProgrammingWork\Debug\DoctorWhoProgrammingWork.pdb" /TLBID:1 /DYNAMICBASE /NXCOMPAT /IMPLIB:"C:\Users\Borko Vasilev\documents\visual studio 2013\Projects\DoctorWhoProgrammingWork\Debug\DoctorWhoProgrammingWork.lib" /MACHINE:X86 Debug\asteroidsGame.obj
         Debug\cAsteroid.obj
         Debug\cBullet.obj
         Debug\cRocket.obj
         Debug\cBkGround.obj
         Debug\cButton.obj
         Debug\cFileHandler.obj
         Debug\cFont.obj
         Debug\cFontMgr.obj
         Debug\cInputMgr.obj
         Debug\cSound.obj
         Debug\cSoundMgr.obj
         Debug\cSprite.obj
         Debug\cTexture.obj
         Debug\cWNDManager.obj
         Debug\main.obj
         Debug\mazeMaker.obj
         Debug\windowOGL.obj
         Libraries\alut.lib
         Libraries\DevIL.lib
         Libraries\freeglut.lib
         Libraries\ftgl.lib
         Libraries\ILU.lib
         Libraries\ILUT.lib
         Libraries\OpenAL32.lib
         DoctorWhoProgrammingWork.vcxproj -> C:\Users\Borko Vasilev\documents\visual studio 2013\Projects\DoctorWhoProgrammingWork\Debug\DoctorWhoProgrammingWork.exe
     1>Done Building Project "C:\Users\Borko Vasilev\documents\visual studio 2013\Projects\DoctorWhoProgrammingWork\DoctorWhoProgrammingWork\DoctorWhoProgrammingWork.vcxproj" (Build target(s)).

Build succeeded.

Time Elapsed 00:00:01.24
